<?xml version="1.0" encoding="UTF-8"?>
<!-- Generated by org.testng.reporters.JUnitReportReporter -->
<testsuite hostname="MWDH-Work2" failures="0" tests="1" name="ass3ApplyingChildaxesmethod.ChromWebDriverChildMethod" time="0.275" errors="0" timestamp="2022-07-31T00:49:44 AST" skipped="0">
  <testcase classname="ass3ApplyingChildaxesmethod.ChromWebDriverChildMethod" name="LearnEnglishWebSite" time="0.275"/>
  <system-out/>
</testsuite> <!-- ass3ApplyingChildaxesmethod.ChromWebDriverChildMethod -->
